Arguments: 
  /usr/bin/node /usr/share/yarn/bin/yarn.js add @mantine/hooks @mantine/core swr @primer/octocons-react

PATH: 
  /usr/local/sbin:/usr/local/bin:/usr/sbin:/usr/bin:/sbin:/bin:/usr/games:/usr/local/games:/usr/lib/wsl/lib:/mnt/c/Windows/system32:/mnt/c/Windows:/mnt/c/Windows/System32/Wbem:/mnt/c/Windows/System32/WindowsPowerShell/v1.0/:/mnt/c/Windows/System32/OpenSSH/:/mnt/c/Program Files/Amazon/AWSCLIV2/:/mnt/c/ProgramData/chocolatey/bin:/mnt/c/Program Files/OpenJDK/openjdk-11.0.15_10/bin:/mnt/c/Users/Gedy Mahardika/AppData/Roaming/nvm:/mnt/c/Program Files/nodejs:/mnt/c/Program Files/Git/cmd:/mnt/c/Program Files/Go/bin:/mnt/c/Program Files/PowerShell/7/:/mnt/c/Users/Gedy Mahardika/AppData/Local/Microsoft/WindowsApps:/mnt/c/Users/Gedy Mahardika/AppData/Local/Programs/Microsoft VS Code/bin:/mnt/c/Users/Gedy Mahardika/AppData/Local/Programs/oh-my-posh/bin:/mnt/c/Users/Gedy Mahardika/AppData/Local/Programs/mongosh/:/mnt/c/Users/Gedy Mahardika/AppData/Roaming/nvm:/mnt/c/Program Files/nodejs:/mnt/c/Users/Gedy Mahardika/go/bin:/usr/local/go-1.18.3/bin:/home/gedymahardika/projects/go/bin

Yarn version: 
  1.22.19

Node version: 
  16.16.0

Platform: 
  linux x64

Trace: 
  Error: https://registry.yarnpkg.com/@primer%2foctocons-react: Not found
      at Request.params.callback [as _callback] (/usr/share/yarn/lib/cli.js:66145:18)
      at Request.self.callback (/usr/share/yarn/lib/cli.js:140890:22)
      at Request.emit (node:events:527:28)
      at Request.<anonymous> (/usr/share/yarn/lib/cli.js:141862:10)
      at Request.emit (node:events:527:28)
      at IncomingMessage.<anonymous> (/usr/share/yarn/lib/cli.js:141784:12)
      at Object.onceWrapper (node:events:641:28)
      at IncomingMessage.emit (node:events:539:35)
      at endReadableNT (node:internal/streams/readable:1345:12)
      at processTicksAndRejections (node:internal/process/task_queues:83:21)

npm manifest: 
  No manifest

yarn manifest: 
  No manifest

Lockfile: 
  No lockfile
